mode: set
github.com/prysmaticlabs/prysm/shared/mputil/scatter.go:15.122,16.19 1 1
github.com/prysmaticlabs/prysm/shared/mputil/scatter.go:20.2,22.29 3 1
github.com/prysmaticlabs/prysm/shared/mputil/scatter.go:25.2,27.46 3 1
github.com/prysmaticlabs/prysm/shared/mputil/scatter.go:42.2,42.38 1 1
github.com/prysmaticlabs/prysm/shared/mputil/scatter.go:16.19,18.3 1 1
github.com/prysmaticlabs/prysm/shared/mputil/scatter.go:22.29,24.3 1 1
github.com/prysmaticlabs/prysm/shared/mputil/scatter.go:27.46,30.32 3 1
github.com/prysmaticlabs/prysm/shared/mputil/scatter.go:33.3,33.36 1 1
github.com/prysmaticlabs/prysm/shared/mputil/scatter.go:30.32,32.4 1 1
github.com/prysmaticlabs/prysm/shared/mputil/scatter.go:33.36,35.18 2 1
github.com/prysmaticlabs/prysm/shared/mputil/scatter.go:35.18,37.5 1 0
github.com/prysmaticlabs/prysm/shared/mputil/scatter.go:37.10,39.5 1 1
github.com/prysmaticlabs/prysm/shared/mputil/scatter.go:46.40,51.44 2 1
github.com/prysmaticlabs/prysm/shared/mputil/scatter.go:55.2,55.18 1 1
github.com/prysmaticlabs/prysm/shared/mputil/scatter.go:51.44,53.3 1 1
github.com/prysmaticlabs/prysm/shared/mputil/scatter.go:64.72,69.2 1 1
